TN:
SF:configs\auth.config.js
FNF:0
FNH:0
DA:1,1
LF:1
LH:1
BRF:0
BRH:0
end_of_record
TN:
SF:controllers\auth.controller.js
FN:7,(anonymous_0)
FN:45,(anonymous_1)
FNF:2
FNH:2
FNDA:2,(anonymous_0)
FNDA:4,(anonymous_1)
DA:1,1
DA:2,1
DA:3,1
DA:4,1
DA:5,1
DA:7,1
DA:8,2
DA:9,2
DA:10,2
DA:11,1
DA:13,1
DA:16,2
DA:17,2
DA:26,1
DA:36,1
DA:38,1
DA:39,1
DA:45,1
DA:46,4
DA:47,4
DA:48,1
DA:51,1
DA:54,3
DA:55,1
DA:58,1
DA:62,2
DA:64,2
DA:65,1
DA:70,1
DA:74,1
LF:30
LH:30
BRDA:10,0,0,1
BRDA:10,0,1,1
BRDA:47,1,0,1
BRDA:47,1,1,3
BRDA:54,2,0,1
BRDA:54,2,1,2
BRDA:64,3,0,1
BRDA:64,3,1,1
BRF:8
BRH:8
end_of_record
TN:
SF:controllers\user.controller.js
FN:4,(anonymous_0)
FN:17,(anonymous_1)
FN:33,(anonymous_2)
FNF:3
FNH:1
FNDA:2,(anonymous_0)
FNDA:0,(anonymous_1)
FNDA:0,(anonymous_2)
DA:1,1
DA:2,1
DA:4,1
DA:5,2
DA:6,2
DA:7,1
DA:8,1
DA:11,1
DA:17,1
DA:18,0
DA:20,0
DA:24,0
DA:25,0
DA:27,0
DA:33,1
DA:34,0
DA:36,0
DA:37,0
DA:45,0
DA:46,0
DA:51,0
LF:21
LH:10
BRDA:7,0,0,1
BRDA:7,0,1,0
BRDA:24,1,0,0
BRDA:24,1,1,0
BRDA:45,2,0,0
BRDA:45,2,1,0
BRF:6
BRH:1
end_of_record
TN:
SF:models\user.model.js
FN:36,(anonymous_0)
FN:40,(anonymous_1)
FNF:2
FNH:2
FNDA:1,(anonymous_0)
FNDA:1,(anonymous_1)
DA:1,2
DA:3,2
DA:36,1
DA:40,1
DA:52,2
LF:5
LH:5
BRF:0
BRH:0
end_of_record
TN:
SF:tests\db.js
FN:7,(anonymous_0)
FN:20,(anonymous_1)
FN:29,(anonymous_2)
FNF:3
FNH:3
FNDA:1,(anonymous_0)
FNDA:1,(anonymous_1)
FNDA:6,(anonymous_2)
DA:1,1
DA:2,1
DA:7,1
DA:8,1
DA:9,1
DA:10,1
DA:11,1
DA:15,1
DA:20,1
DA:21,1
DA:22,1
DA:23,1
DA:24,1
DA:29,1
DA:30,6
DA:32,6
DA:33,6
DA:34,6
LF:18
LH:18
BRDA:8,0,0,1
BRDA:8,0,1,0
BRDA:23,1,0,1
BRDA:23,1,1,0
BRF:4
BRH:2
end_of_record
TN:
SF:tests\interceptor.js
FN:2,(anonymous_0)
FN:9,(anonymous_1)
FNF:2
FNH:2
FNDA:8,(anonymous_0)
FNDA:8,(anonymous_1)
DA:1,2
DA:3,8
DA:4,8
DA:5,8
DA:6,8
DA:10,8
DA:11,8
DA:12,8
DA:13,8
DA:14,8
LF:10
LH:10
BRF:0
BRH:0
end_of_record
TN:
SF:utils\constants.js
FNF:0
FNH:0
DA:1,1
LF:1
LH:1
BRF:0
BRH:0
end_of_record
TN:
SF:utils\convertUserObject.js
FN:1,(anonymous_0)
FN:3,(anonymous_1)
FNF:2
FNH:2
FNDA:1,(anonymous_0)
FNDA:1,(anonymous_1)
DA:1,1
DA:2,1
DA:3,1
DA:4,1
DA:13,1
LF:5
LH:5
BRF:0
BRH:0
end_of_record
